#
# A fatal error has been detected by the Java Runtime Environment:
#
#  EXCEPTION_ACCESS_VIOLATION (0xc0000005) at pc=0x00007ffc236265c0, pid=10132, tid=0x0000000000003d34
#
# JRE version: OpenJDK Runtime Environment (8.0_265-b01) (build 1.8.0_265-b01)
# Java VM: OpenJDK 64-Bit Server VM (25.265-b01 mixed mode windows-amd64 compressed oops)
# Problematic frame:
# C  [glass.dll+0x265c0]
#
# Failed to write core dump. Minidumps are not enabled by default on client versions of Windows
#
# If you would like to submit a bug report, please include
# instructions on how to reproduce the bug and visit:
#   http://bugreport.java.com/bugreport/crash.jsp
#

---------------  T H R E A D  ---------------

Current thread (0x000000001c097000):  VMThread [stack: 0x000000001d130000,0x000000001d230000] [id=15668]

siginfo: ExceptionCode=0xc0000005, reading address 0x0000000000000000

Registers:
RAX=0x0000000000000000, RBX=0x000000001e5bd770, RCX=0x000000001c097000, RDX=0x000000006915ea98
RSP=0x000000001d22f320, RBP=0x00000000009e15e8, RSI=0x00000000009e15c0, RDI=0x0000b8cbfae0e8fc
R8 =0x0000000000010002, R9 =0x0000b8cbfae0e8fc, R10=0x0000000000008000, R11=0x000000001d22f2c0
R12=0x00007ffc236239e4, R13=0x0000000002a01658, R14=0x000000001d22f428, R15=0x00000000009e15c0
RIP=0x00007ffc236265c0, EFLAGS=0x0000000000010206

Top of Stack: (sp=0x000000001d22f320)
0x000000001d22f320:   0000000000000000 00007ffc34cae97b
0x000000001d22f330:   00000000009e15d0 00000000009e15c0
0x000000001d22f340:   fffffffffffffffe 00007ffc236239e4
0x000000001d22f350:   00000000009e15c8 00007ffc34cb3bf6
0x000000001d22f360:   00000000009e15d0 0000000000000000
0x000000001d22f370:   00000000009e15e8 00000000009e15c0
0x000000001d22f380:   fffffffffffffffe 0000000000000000
0x000000001d22f390:   0000000000000001 00007ffc23600000
0x000000001d22f3a0:   000000001d22f418 00007ffc34cb3b1b
0x000000001d22f3b0:   0000000000000000 000000001d22f428
0x000000001d22f3c0:   000000001bfa5500 00007ffc34d90e40
0x000000001d22f3d0:   0000000000000000 00007ffc34cb3ad4
0x000000001d22f3e0:   0000000000000000 0000000000000001
0x000000001d22f3f0:   00007ffc34579000 000000001d22f418
0x000000001d22f400:   0000000000000000 00007ffc23623872
0x000000001d22f410:   00007ffc2363d128 00007ffc00000002 

Instructions: (pc=0x00007ffc236265c0)
0x00007ffc236265a0:   40 53 48 83 ec 30 48 c7 44 24 20 fe ff ff ff 48
0x00007ffc236265b0:   8b 1d 6a 65 01 00 48 85 db 74 16 e8 b0 85 ff ff
0x00007ffc236265c0:   4c 8b 00 48 8b d3 48 8b c8 41 ff 90 b0 00 00 00
0x00007ffc236265d0:   90 48 83 c4 30 5b c3 cc cc cc cc cc cc cc cc cc 


Register to memory mapping:

RAX=0x0000000000000000 is an unknown value
RBX=0x000000001e5bd770 is a global jni handle
RCX=0x000000001c097000 is an unknown value
RDX=0x000000006915ea98 is an unknown value
RSP=0x000000001d22f320 is an unknown value
RBP=0x00000000009e15e8 is an unknown value
RSI=0x00000000009e15c0 is an unknown value
RDI=0x0000b8cbfae0e8fc is an unknown value
R8 =0x0000000000010002 is an unknown value
R9 =0x0000b8cbfae0e8fc is an unknown value
R10=0x0000000000008000 is an unknown value
R11=0x000000001d22f2c0 is an unknown value
R12=0x00007ffc236239e4 is an unknown value
R13=0x0000000002a01658 is an unknown value
R14=0x000000001d22f428 is an unknown value
R15=0x00000000009e15c0 is an unknown value


Stack: [0x000000001d130000,0x000000001d230000],  sp=0x000000001d22f320,  free space=1020k
Native frames: (J=compiled Java code, j=interpreted, Vv=VM code, C=native code)
C  [glass.dll+0x265c0]
C  [ucrtbase.dll+0x13bf6]
C  [ucrtbase.dll+0x13b1b]
C  [ucrtbase.dll+0x13ad4]
C  [glass.dll+0x23872]
C  [glass.dll+0x23998]
C  [ntdll.dll+0x37b3d]
C  [ntdll.dll+0x63de1]
C  [ntdll.dll+0x63c7d]
C  [KERNEL32.DLL+0x1e0ab]
C  [msvcr100.dll+0x20ccd]
V  [jvm.dll+0x1f79d5]
V  [jvm.dll+0x233bb7]
V  [jvm.dll+0x232e54]
V  [jvm.dll+0x233294]
V  [jvm.dll+0x233510]
V  [jvm.dll+0x2873ca]
C  [msvcr100.dll+0x21d9f]
C  [msvcr100.dll+0x21e3b]
C  [KERNEL32.DLL+0x17034]
C  [ntdll.dll+0x4cec1]

VM_Operation (0x000000001d83ec80): Exit, mode: safepoint, requested by thread 0x0000000027fe9000


---------------  P R O C E S S  ---------------

Java Threads: ( => current thread )
  0x00000000282af000 JavaThread "Glass/Prism Shutdown Hook" [_thread_blocked, id=11072, stack(0x000000001d940000,0x000000001da40000)]
  0x0000000027fe9000 JavaThread "SIGINT handler" daemon [_thread_blocked, id=15044, stack(0x000000001d740000,0x000000001d840000)]
  0x000000001e9f9800 JavaThread "mysql-cj-abandoned-connection-cleanup" daemon [_thread_blocked, id=14412, stack(0x0000000028480000,0x0000000028580000)]
  0x000000001e73c000 JavaThread "Prism Font Disposer" daemon [_thread_blocked, id=16064, stack(0x00000000263b0000,0x00000000264b0000)]
  0x000000001e613000 JavaThread "Thread-3" daemon [_thread_in_native, id=14908, stack(0x0000000023ac0000,0x0000000023bc0000)]
  0x000000001e52a000 JavaThread "JavaFX-Launcher" [_thread_blocked, id=14084, stack(0x0000000023bc0000,0x0000000023cc0000)]
  0x000000001e5b1000 JavaThread "JavaFX Application Thread" [_thread_blocked, id=14020, stack(0x000000001eee0000,0x000000001efe0000)]
  0x000000001e4ae000 JavaThread "Thread-1" daemon [_thread_blocked, id=9200, stack(0x000000001ede0000,0x000000001eee0000)]
  0x000000001e484000 JavaThread "QuantumRenderer-0" daemon [_thread_blocked, id=12888, stack(0x000000001eb60000,0x000000001ec60000)]
  0x000000001db95000 JavaThread "Service Thread" daemon [_thread_blocked, id=4976, stack(0x000000001e140000,0x000000001e240000)]
  0x000000001db22000 JavaThread "C1 CompilerThread2" daemon [_thread_blocked, id=15776, stack(0x000000001e040000,0x000000001e140000)]
  0x000000001db18800 JavaThread "C2 CompilerThread1" daemon [_thread_blocked, id=14444, stack(0x000000001df40000,0x000000001e040000)]
  0x000000001db16000 JavaThread "C2 CompilerThread0" daemon [_thread_blocked, id=15992, stack(0x000000001de40000,0x000000001df40000)]
  0x000000001c0f6000 JavaThread "JDWP Event Helper Thread" daemon [_thread_blocked, id=9584, stack(0x000000001d840000,0x000000001d940000)]
  0x000000001c0dc800 JavaThread "Attach Listener" daemon [_thread_blocked, id=12420, stack(0x000000001d640000,0x000000001d740000)]
  0x000000001c0db800 JavaThread "Signal Dispatcher" daemon [_thread_blocked, id=9032, stack(0x000000001d540000,0x000000001d640000)]
  0x000000001c0ba000 JavaThread "Finalizer" daemon [_thread_blocked, id=15968, stack(0x000000001d330000,0x000000001d430000)]
  0x000000001c0b9000 JavaThread "Reference Handler" daemon [_thread_blocked, id=11768, stack(0x000000001d230000,0x000000001d330000)]
  0x0000000002a13800 JavaThread "main" [_thread_blocked, id=14884, stack(0x0000000000d50000,0x0000000000e50000)]

Other Threads:
=>0x000000001c097000 VMThread [stack: 0x000000001d130000,0x000000001d230000] [id=15668]

VM state:at safepoint (shutting down)

VM Mutex/Monitor currently owned by a thread:  ([mutex/lock_event])
[0x0000000002a10450] Threads_lock - owner thread: 0x000000001c097000

heap address: 0x00000006c1e00000, size: 4066 MB, Compressed Oops mode: Zero based, Oop shift amount: 3
Narrow klass base: 0x0000000000000000, Narrow klass shift: 3
Compressed class space size: 1073741824 Address: 0x00000007c0000000

Heap:
 PSYoungGen      total 76288K, used 45338K [0x000000076b500000, 0x0000000771f00000, 0x00000007c0000000)
  eden space 65536K, 58% used [0x000000076b500000,0x000000076da35d48,0x000000076f500000)
  from space 10752K, 67% used [0x000000076f500000,0x000000076fc10d28,0x000000076ff80000)
  to   space 10752K, 0% used [0x0000000771480000,0x0000000771480000,0x0000000771f00000)
 ParOldGen       total 121344K, used 11558K [0x00000006c1e00000, 0x00000006c9480000, 0x000000076b500000)
  object space 121344K, 9% used [0x00000006c1e00000,0x00000006c2949b78,0x00000006c9480000)
 Metaspace       used 27805K, capacity 29242K, committed 29312K, reserved 1075200K
  class space    used 3601K, capacity 3906K, committed 3968K, reserved 1048576K

Card table byte_map: [0x0000000011ed0000,0x00000000126d0000] byte_map_base: 0x000000000e8c1000

Marking Bits: (ParMarkBitMap*) 0x0000000069348810
 Begin Bits: [0x0000000013020000, 0x0000000016fa8000)
 End Bits:   [0x0000000016fa8000, 0x000000001af30000)

Polling page: 0x0000000000950000

CodeCache: size=245760Kb used=12629Kb max_used=12629Kb free=233130Kb
 bounds [0x0000000002b10000, 0x0000000003770000, 0x0000000011b10000]
 total_blobs=4551 nmethods=3777 adapters=693
 compilation: enabled

Compilation events (10 events):
Event: 167.147 Thread 0x000000001db22000 nmethod 3970 0x0000000003746190 code [0x0000000003746340, 0x00000000037469a8]
Event: 167.147 Thread 0x000000001db22000 3971       3       javafx.scene.Parent$3::<init> (10 bytes)
Event: 167.148 Thread 0x000000001db22000 nmethod 3971 0x0000000003765c10 code [0x0000000003765e40, 0x0000000003766a28]
Event: 167.160 Thread 0x000000001db18800 nmethod 3885 0x000000000376acd0 code [0x000000000376aec0, 0x000000000376bc20]
Event: 167.160 Thread 0x000000001db22000 3972       1       java.lang.reflect.Field::getType (5 bytes)
Event: 167.160 Thread 0x000000001db22000 nmethod 3972 0x0000000003743e90 code [0x0000000003743fe0, 0x00000000037440f0]
Event: 167.161 Thread 0x000000001db22000 3973       3       java.security.AccessControlContext::optimize (318 bytes)
Event: 167.165 Thread 0x000000001db22000 nmethod 3973 0x0000000003767cd0 code [0x0000000003768020, 0x0000000003769d18]
Event: 167.173 Thread 0x000000001db22000 3974       3       java.lang.invoke.MemberName::asSpecial (89 bytes)
Event: 167.174 Thread 0x000000001db22000 nmethod 3974 0x000000000376cb90 code [0x000000000376ce20, 0x000000000376dca8]

GC Heap History (8 events):
Event: 2.732 GC heap before
{Heap before GC invocations=1 (full 0):
 PSYoungGen      total 76288K, used 65536K [0x000000076b500000, 0x0000000770a00000, 0x00000007c0000000)
  eden space 65536K, 100% used [0x000000076b500000,0x000000076f500000,0x000000076f500000)
  from space 10752K, 0% used [0x000000076ff80000,0x000000076ff80000,0x0000000770a00000)
  to   space 10752K, 0% used [0x000000076f500000,0x000000076f500000,0x000000076ff80000)
 ParOldGen       total 175104K, used 0K [0x00000006c1e00000, 0x00000006cc900000, 0x000000076b500000)
  object space 175104K, 0% used [0x00000006c1e00000,0x00000006c1e00000,0x00000006cc900000)
 Metaspace       used 15398K, capacity 16002K, committed 16128K, reserved 1062912K
  class space    used 2035K, capacity 2192K, committed 2304K, reserved 1048576K
Event: 2.748 GC heap after
Heap after GC invocations=1 (full 0):
 PSYoungGen      total 76288K, used 10742K [0x000000076b500000, 0x0000000770a00000, 0x00000007c0000000)
  eden space 65536K, 0% used [0x000000076b500000,0x000000076b500000,0x000000076f500000)
  from space 10752K, 99% used [0x000000076f500000,0x000000076ff7d838,0x000000076ff80000)
  to   space 10752K, 0% used [0x000000076ff80000,0x000000076ff80000,0x0000000770a00000)
 ParOldGen       total 175104K, used 549K [0x00000006c1e00000, 0x00000006cc900000, 0x000000076b500000)
  object space 175104K, 0% used [0x00000006c1e00000,0x00000006c1e89450,0x00000006cc900000)
 Metaspace       used 15398K, capacity 16002K, committed 16128K, reserved 1062912K
  class space    used 2035K, capacity 2192K, committed 2304K, reserved 1048576K
}
Event: 4.717 GC heap before
{Heap before GC invocations=2 (full 0):
 PSYoungGen      total 76288K, used 39544K [0x000000076b500000, 0x0000000770a00000, 0x00000007c0000000)
  eden space 65536K, 43% used [0x000000076b500000,0x000000076d120b28,0x000000076f500000)
  from space 10752K, 99% used [0x000000076f500000,0x000000076ff7d838,0x000000076ff80000)
  to   space 10752K, 0% used [0x000000076ff80000,0x000000076ff80000,0x0000000770a00000)
 ParOldGen       total 175104K, used 549K [0x00000006c1e00000, 0x00000006cc900000, 0x000000076b500000)
  object space 175104K, 0% used [0x00000006c1e00000,0x00000006c1e89450,0x00000006cc900000)
 Metaspace       used 20360K, capacity 21176K, committed 21296K, reserved 1067008K
  class space    used 2688K, capacity 2885K, committed 2944K, reserved 1048576K
Event: 4.731 GC heap after
Heap after GC invocations=2 (full 0):
 PSYoungGen      total 76288K, used 10751K [0x000000076b500000, 0x0000000770a00000, 0x00000007c0000000)
  eden space 65536K, 0% used [0x000000076b500000,0x000000076b500000,0x000000076f500000)
  from space 10752K, 99% used [0x000000076ff80000,0x00000007709ffd88,0x0000000770a00000)
  to   space 10752K, 0% used [0x000000076f500000,0x000000076f500000,0x000000076ff80000)
 ParOldGen       total 175104K, used 3520K [0x00000006c1e00000, 0x00000006cc900000, 0x000000076b500000)
  object space 175104K, 2% used [0x00000006c1e00000,0x00000006c2170138,0x00000006cc900000)
 Metaspace       used 20360K, capacity 21176K, committed 21296K, reserved 1067008K
  class space    used 2688K, capacity 2885K, committed 2944K, reserved 1048576K
}
Event: 4.731 GC heap before
{Heap before GC invocations=3 (full 1):
 PSYoungGen      total 76288K, used 10751K [0x000000076b500000, 0x0000000770a00000, 0x00000007c0000000)
  eden space 65536K, 0% used [0x000000076b500000,0x000000076b500000,0x000000076f500000)
  from space 10752K, 99% used [0x000000076ff80000,0x00000007709ffd88,0x0000000770a00000)
  to   space 10752K, 0% used [0x000000076f500000,0x000000076f500000,0x000000076ff80000)
 ParOldGen       total 175104K, used 3520K [0x00000006c1e00000, 0x00000006cc900000, 0x000000076b500000)
  object space 175104K, 2% used [0x00000006c1e00000,0x00000006c2170138,0x00000006cc900000)
 Metaspace       used 20360K, capacity 21176K, committed 21296K, reserved 1067008K
  class space    used 2688K, capacity 2885K, committed 2944K, reserved 1048576K
Event: 4.782 GC heap after
Heap after GC invocations=3 (full 1):
 PSYoungGen      total 76288K, used 0K [0x000000076b500000, 0x0000000770a00000, 0x00000007c0000000)
  eden space 65536K, 0% used [0x000000076b500000,0x000000076b500000,0x000000076f500000)
  from space 10752K, 0% used [0x000000076ff80000,0x000000076ff80000,0x0000000770a00000)
  to   space 10752K, 0% used [0x000000076f500000,0x000000076f500000,0x000000076ff80000)
 ParOldGen       total 121344K, used 11550K [0x00000006c1e00000, 0x00000006c9480000, 0x000000076b500000)
  object space 121344K, 9% used [0x00000006c1e00000,0x00000006c2947b78,0x00000006c9480000)
 Metaspace       used 20360K, capacity 21176K, committed 21296K, reserved 1067008K
  class space    used 2688K, capacity 2885K, committed 2944K, reserved 1048576K
}
Event: 8.877 GC heap before
{Heap before GC invocations=4 (full 1):
 PSYoungGen      total 76288K, used 65536K [0x000000076b500000, 0x0000000770a00000, 0x00000007c0000000)
  eden space 65536K, 100% used [0x000000076b500000,0x000000076f500000,0x000000076f500000)
  from space 10752K, 0% used [0x000000076ff80000,0x000000076ff80000,0x0000000770a00000)
  to   space 10752K, 0% used [0x000000076f500000,0x000000076f500000,0x000000076ff80000)
 ParOldGen       total 121344K, used 11550K [0x00000006c1e00000, 0x00000006c9480000, 0x000000076b500000)
  object space 121344K, 9% used [0x00000006c1e00000,0x00000006c2947b78,0x00000006c9480000)
 Metaspace       used 26795K, capacity 27982K, committed 28160K, reserved 1073152K
  class space    used 3443K, capacity 3716K, committed 3840K, reserved 1048576K
Event: 8.885 GC heap after
Heap after GC invocations=4 (full 1):
 PSYoungGen      total 76288K, used 7235K [0x000000076b500000, 0x0000000771f00000, 0x00000007c0000000)
  eden space 65536K, 0% used [0x000000076b500000,0x000000076b500000,0x000000076f500000)
  from space 10752K, 67% used [0x000000076f500000,0x000000076fc10d28,0x000000076ff80000)
  to   space 10752K, 0% used [0x0000000771480000,0x0000000771480000,0x0000000771f00000)
 ParOldGen       total 121344K, used 11558K [0x00000006c1e00000, 0x00000006c9480000, 0x000000076b500000)
  object space 121344K, 9% used [0x00000006c1e00000,0x00000006c2949b78,0x00000006c9480000)
 Metaspace       used 26795K, capacity 27982K, committed 28160K, reserved 1073152K
  class space    used 3443K, capacity 3716K, committed 3840K, reserved 1048576K
}

Deoptimization events (10 events):
Event: 166.881 Thread 0x000000001e5b1000 Uncommon trap: reason=array_check action=maybe_recompile pc=0x00000000036e584c method=com.sun.javafx.css.CompoundSelector.applies(Ljavafx/css/Styleable;[Ljava/util/Set;I)Z @ 128
Event: 166.881 Thread 0x000000001e5b1000 Uncommon trap: reason=array_check action=maybe_recompile pc=0x00000000036e584c method=com.sun.javafx.css.CompoundSelector.applies(Ljavafx/css/Styleable;[Ljava/util/Set;I)Z @ 128
Event: 166.881 Thread 0x000000001e5b1000 Uncommon trap: reason=array_check action=maybe_recompile pc=0x00000000036e584c method=com.sun.javafx.css.CompoundSelector.applies(Ljavafx/css/Styleable;[Ljava/util/Set;I)Z @ 128
Event: 166.881 Thread 0x000000001e5b1000 Uncommon trap: reason=array_check action=maybe_recompile pc=0x00000000036e584c method=com.sun.javafx.css.CompoundSelector.applies(Ljavafx/css/Styleable;[Ljava/util/Set;I)Z @ 128
Event: 166.886 Thread 0x000000001e5b1000 Uncommon trap: reason=bimorphic action=maybe_recompile pc=0x0000000002dfde78 method=javafx.beans.property.BooleanPropertyBase.get()Z @ 23
Event: 166.888 Thread 0x000000001e5b1000 Uncommon trap: reason=bimorphic action=maybe_recompile pc=0x0000000002dfde78 method=javafx.beans.property.BooleanPropertyBase.get()Z @ 23
Event: 166.888 Thread 0x000000001e5b1000 Uncommon trap: reason=bimorphic action=maybe_recompile pc=0x0000000002dfde78 method=javafx.beans.property.BooleanPropertyBase.get()Z @ 23
Event: 166.889 Thread 0x000000001e5b1000 Uncommon trap: reason=bimorphic action=maybe_recompile pc=0x0000000002dfde78 method=javafx.beans.property.BooleanPropertyBase.get()Z @ 23
Event: 166.904 Thread 0x000000001e5b1000 Uncommon trap: reason=bimorphic action=maybe_recompile pc=0x00000000036077b8 method=java.util.WeakHashMap.eq(Ljava/lang/Object;Ljava/lang/Object;)Z @ 7
Event: 166.946 Thread 0x000000001e5b1000 Uncommon trap: reason=unstable_if action=reinterpret pc=0x0000000002ca0854 method=com.sun.javafx.css.CompoundSelector.applies(Ljavafx/css/Styleable;I[Ljava/util/Set;I)Z @ 125

Classes redefined (0 events):
No events

Internal exceptions (10 events):
Event: 1.767 Thread 0x000000001e5b1000 Exception <a 'java/lang/ArrayIndexOutOfBoundsException'> (0x000000076dfa37e8) thrown at [C:\ws\89P\Corretto8Src\installers\windows\zip\corretto-build\buildRoot\src\hotspot\src\share\vm\runtime\sharedRuntime.cpp, line 609]
Event: 1.769 Thread 0x000000001e5b1000 Exception <a 'java/lang/ArrayIndexOutOfBoundsException'> (0x000000076dfa7698) thrown at [C:\ws\89P\Corretto8Src\installers\windows\zip\corretto-build\buildRoot\src\hotspot\src\share\vm\runtime\sharedRuntime.cpp, line 609]
Event: 1.771 Thread 0x000000001e5b1000 Exception <a 'java/lang/ArrayIndexOutOfBoundsException'> (0x000000076dfaa058) thrown at [C:\ws\89P\Corretto8Src\installers\windows\zip\corretto-build\buildRoot\src\hotspot\src\share\vm\runtime\sharedRuntime.cpp, line 609]
Event: 2.145 Thread 0x000000001e5b1000 Implicit null exception at 0x0000000002e573f4 to 0x0000000002e57739
Event: 3.951 Thread 0x000000001e9f4000 Implicit null exception at 0x0000000002d9f419 to 0x0000000002d9f90d
Event: 6.140 Thread 0x000000001e5b1000 Exception <a 'java/lang/ArrayIndexOutOfBoundsException': 58> (0x000000076d95dbb0) thrown at [C:\ws\89P\Corretto8Src\installers\windows\zip\corretto-build\buildRoot\src\hotspot\src\share\vm\interpreter\interpreterRuntime.cpp, line 371]
Event: 6.270 Thread 0x00000000273e8800 Exception <a 'java/lang/InterruptedException': sleep interrupted> (0x000000076b5008b0) thrown at [C:\ws\89P\Corretto8Src\installers\windows\zip\corretto-build\buildRoot\src\hotspot\src\share\vm\prims\jvm.cpp, line 3350]
Event: 12.142 Thread 0x000000001e5b1000 Exception <a 'java/lang/NullPointerException'> (0x000000076c2c69e0) thrown at [C:\ws\89P\Corretto8Src\installers\windows\zip\corretto-build\buildRoot\src\hotspot\src\share\vm\interpreter\linkResolver.cpp, line 1185]
Event: 167.042 Thread 0x000000001e5b1000 Exception <a 'java/lang/NullPointerException'> (0x000000076d047798) thrown at [C:\ws\89P\Corretto8Src\installers\windows\zip\corretto-build\buildRoot\src\hotspot\src\share\vm\interpreter\linkResolver.cpp, line 1287]
Event: 167.191 Thread 0x00000000282af000 Exception <a 'java/lang/IllegalStateException'> (0x000000076da062d0) thrown at [C:\ws\89P\Corretto8Src\installers\windows\zip\corretto-build\buildRoot\src\hotspot\src\share\vm\prims\jvm.cpp, line 1515]

Events (10 events):
Event: 167.174 Thread 0x000000001e5b1000 DEOPT UNPACKING pc=0x0000000002b575d0 sp=0x000000001efd7308 mode 1
Event: 167.174 Thread 0x000000001e5b1000 DEOPT PACKING pc=0x0000000002cc28dc sp=0x000000001efd7640
Event: 167.174 Thread 0x000000001e5b1000 DEOPT UNPACKING pc=0x0000000002b575d0 sp=0x000000001efd7370 mode 1
Event: 167.174 Thread 0x000000001e5b1000 DEOPT PACKING pc=0x000000000372ceec sp=0x000000001efd7690
Event: 167.174 Thread 0x000000001e5b1000 DEOPT UNPACKING pc=0x0000000002b575d0 sp=0x000000001efd7450 mode 1
Event: 167.174 loading class com/sun/javafx/tk/quantum/QuantumRenderer
Event: 167.174 loading class com/sun/javafx/tk/quantum/QuantumRenderer done
Event: 167.175 loading class com/sun/javafx/tk/quantum/QuantumToolkit
Event: 167.175 loading class com/sun/javafx/tk/quantum/QuantumToolkit done
Event: 167.191 Executing VM operation: Exit


Dynamic libraries:
0x00007ff685580000 - 0x00007ff6855b5000 	C:\Users\jaroslav19992\.jdks\corretto-1.8.0_265\bin\java.exe
0x00007ffc36db0000 - 0x00007ffc36fa6000 	C:\Windows\SYSTEM32\ntdll.dll
0x00007ffc36cb0000 - 0x00007ffc36d6d000 	C:\Windows\System32\KERNEL32.DLL
0x00007ffc345b0000 - 0x00007ffc34878000 	C:\Windows\System32\KERNELBASE.dll
0x00007ffc351b0000 - 0x00007ffc3525a000 	C:\Windows\System32\ADVAPI32.dll
0x00007ffc354f0000 - 0x00007ffc3558e000 	C:\Windows\System32\msvcrt.dll
0x00007ffc361a0000 - 0x00007ffc3623b000 	C:\Windows\System32\sechost.dll
0x00007ffc35260000 - 0x00007ffc35384000 	C:\Windows\System32\RPCRT4.dll
0x00007ffc35f90000 - 0x00007ffc36130000 	C:\Windows\System32\USER32.dll
0x00007ffc34580000 - 0x00007ffc345a2000 	C:\Windows\System32\win32u.dll
0x00007ffc35e80000 - 0x00007ffc35eaa000 	C:\Windows\System32\GDI32.dll
0x00007ffc348e0000 - 0x00007ffc349e9000 	C:\Windows\System32\gdi32full.dll
0x00007ffc349f0000 - 0x00007ffc34a8d000 	C:\Windows\System32\msvcp_win.dll
0x00007ffc34ca0000 - 0x00007ffc34da0000 	C:\Windows\System32\ucrtbase.dll
0x00007ffc29a40000 - 0x00007ffc29cdb000 	C:\Windows\WinSxS\amd64_microsoft.windows.common-controls_6595b64144ccf1df_6.0.19041.488_none_ca04af081b815d21\COMCTL32.dll
0x00007ffc35180000 - 0x00007ffc351b0000 	C:\Windows\System32\IMM32.DLL
0x00000000693d0000 - 0x00000000694a2000 	C:\Users\jaroslav19992\.jdks\corretto-1.8.0_265\jre\bin\msvcr100.dll
0x0000000068b10000 - 0x00000000693ca000 	C:\Users\jaroslav19992\.jdks\corretto-1.8.0_265\jre\bin\server\jvm.dll
0x00007ffc355a0000 - 0x00007ffc355a8000 	C:\Windows\System32\PSAPI.DLL
0x00007ffc2f7d0000 - 0x00007ffc2f7d9000 	C:\Windows\SYSTEM32\WSOCK32.dll
0x00007ffc284e0000 - 0x00007ffc28507000 	C:\Windows\SYSTEM32\WINMM.dll
0x00007ffc36350000 - 0x00007ffc363bb000 	C:\Windows\System32\WS2_32.dll
0x00007ffc2f380000 - 0x00007ffc2f38a000 	C:\Windows\SYSTEM32\VERSION.dll
0x00007ffc2e3b0000 - 0x00007ffc2e3bf000 	C:\Users\jaroslav19992\.jdks\corretto-1.8.0_265\jre\bin\verify.dll
0x00007ffc2bfb0000 - 0x00007ffc2bfd9000 	C:\Users\jaroslav19992\.jdks\corretto-1.8.0_265\jre\bin\java.dll
0x00007ffc2be80000 - 0x00007ffc2beb5000 	C:\Users\jaroslav19992\.jdks\corretto-1.8.0_265\jre\bin\jdwp.dll
0x00007ffc2c280000 - 0x00007ffc2c288000 	C:\Users\jaroslav19992\.jdks\corretto-1.8.0_265\jre\bin\npt.dll
0x00007ffc2bed0000 - 0x00007ffc2bef3000 	C:\Users\jaroslav19992\.jdks\corretto-1.8.0_265\jre\bin\instrument.dll
0x00007ffc2c230000 - 0x00007ffc2c246000 	C:\Users\jaroslav19992\.jdks\corretto-1.8.0_265\jre\bin\zip.dll
0x00007ffc36470000 - 0x00007ffc36bb0000 	C:\Windows\System32\SHELL32.dll
0x00007ffc32650000 - 0x00007ffc32de4000 	C:\Windows\SYSTEM32\windows.storage.dll
0x00007ffc34e20000 - 0x00007ffc35175000 	C:\Windows\System32\combase.dll
0x00007ffc33f70000 - 0x00007ffc33f9c000 	C:\Windows\SYSTEM32\Wldp.dll
0x00007ffc36240000 - 0x00007ffc362ee000 	C:\Windows\System32\SHCORE.dll
0x00007ffc362f0000 - 0x00007ffc36345000 	C:\Windows\System32\shlwapi.dll
0x00007ffc34430000 - 0x00007ffc34456000 	C:\Windows\SYSTEM32\profapi.dll
0x00007ffc2bf30000 - 0x00007ffc2bf39000 	C:\Users\jaroslav19992\.jdks\corretto-1.8.0_265\jre\bin\dt_socket.dll
0x00007ffc33cf0000 - 0x00007ffc33d5a000 	C:\Windows\system32\mswsock.dll
0x0000000002680000 - 0x0000000002683000 	C:\Users\jaroslav19992\.jdks\corretto-1.8.0_265\jre\bin\api-ms-win-core-console-l1-1-0.dll
0x0000000002690000 - 0x0000000002693000 	C:\Users\jaroslav19992\.jdks\corretto-1.8.0_265\jre\bin\api-ms-win-core-datetime-l1-1-0.dll
0x00000000026a0000 - 0x00000000026a3000 	C:\Users\jaroslav19992\.jdks\corretto-1.8.0_265\jre\bin\api-ms-win-core-debug-l1-1-0.dll
0x00000000026b0000 - 0x00000000026b3000 	C:\Users\jaroslav19992\.jdks\corretto-1.8.0_265\jre\bin\api-ms-win-core-errorhandling-l1-1-0.dll
0x00000000026c0000 - 0x00000000026c4000 	C:\Users\jaroslav19992\.jdks\corretto-1.8.0_265\jre\bin\api-ms-win-core-file-l1-1-0.dll
0x00000000026d0000 - 0x00000000026d3000 	C:\Users\jaroslav19992\.jdks\corretto-1.8.0_265\jre\bin\api-ms-win-core-file-l1-2-0.dll
0x00000000026e0000 - 0x00000000026e3000 	C:\Users\jaroslav19992\.jdks\corretto-1.8.0_265\jre\bin\api-ms-win-core-file-l2-1-0.dll
0x00000000026f0000 - 0x00000000026f3000 	C:\Users\jaroslav19992\.jdks\corretto-1.8.0_265\jre\bin\api-ms-win-core-handle-l1-1-0.dll
0x0000000002700000 - 0x0000000002703000 	C:\Users\jaroslav19992\.jdks\corretto-1.8.0_265\jre\bin\api-ms-win-core-heap-l1-1-0.dll
0x0000000002710000 - 0x0000000002713000 	C:\Users\jaroslav19992\.jdks\corretto-1.8.0_265\jre\bin\api-ms-win-core-interlocked-l1-1-0.dll
0x0000000002730000 - 0x0000000002733000 	C:\Users\jaroslav19992\.jdks\corretto-1.8.0_265\jre\bin\api-ms-win-core-libraryloader-l1-1-0.dll
0x0000000002740000 - 0x0000000002743000 	C:\Users\jaroslav19992\.jdks\corretto-1.8.0_265\jre\bin\api-ms-win-core-localization-l1-2-0.dll
0x0000000002750000 - 0x0000000002753000 	C:\Users\jaroslav19992\.jdks\corretto-1.8.0_265\jre\bin\api-ms-win-core-memory-l1-1-0.dll
0x0000000002760000 - 0x0000000002763000 	C:\Users\jaroslav19992\.jdks\corretto-1.8.0_265\jre\bin\api-ms-win-core-namedpipe-l1-1-0.dll
0x0000000002770000 - 0x0000000002773000 	C:\Users\jaroslav19992\.jdks\corretto-1.8.0_265\jre\bin\api-ms-win-core-processenvironment-l1-1-0.dll
0x0000000002780000 - 0x0000000002783000 	C:\Users\jaroslav19992\.jdks\corretto-1.8.0_265\jre\bin\api-ms-win-core-processthreads-l1-1-0.dll
0x0000000002790000 - 0x0000000002793000 	C:\Users\jaroslav19992\.jdks\corretto-1.8.0_265\jre\bin\api-ms-win-core-processthreads-l1-1-1.dll
0x00000000027a0000 - 0x00000000027a3000 	C:\Users\jaroslav19992\.jdks\corretto-1.8.0_265\jre\bin\api-ms-win-core-profile-l1-1-0.dll
0x00000000027b0000 - 0x00000000027b3000 	C:\Users\jaroslav19992\.jdks\corretto-1.8.0_265\jre\bin\api-ms-win-core-rtlsupport-l1-1-0.dll
0x00000000027c0000 - 0x00000000027c3000 	C:\Users\jaroslav19992\.jdks\corretto-1.8.0_265\jre\bin\api-ms-win-core-string-l1-1-0.dll
0x00000000027d0000 - 0x00000000027d3000 	C:\Users\jaroslav19992\.jdks\corretto-1.8.0_265\jre\bin\api-ms-win-core-synch-l1-1-0.dll
0x00000000027e0000 - 0x00000000027e3000 	C:\Users\jaroslav19992\.jdks\corretto-1.8.0_265\jre\bin\api-ms-win-core-synch-l1-2-0.dll
0x00000000027f0000 - 0x00000000027f3000 	C:\Users\jaroslav19992\.jdks\corretto-1.8.0_265\jre\bin\api-ms-win-core-sysinfo-l1-1-0.dll
0x0000000002800000 - 0x0000000002803000 	C:\Users\jaroslav19992\.jdks\corretto-1.8.0_265\jre\bin\api-ms-win-core-timezone-l1-1-0.dll
0x0000000002920000 - 0x0000000002923000 	C:\Users\jaroslav19992\.jdks\corretto-1.8.0_265\jre\bin\api-ms-win-core-util-l1-1-0.dll
0x0000000002930000 - 0x0000000002933000 	C:\Users\jaroslav19992\.jdks\corretto-1.8.0_265\jre\bin\api-ms-win-crt-conio-l1-1-0.dll
0x0000000002940000 - 0x0000000002944000 	C:\Users\jaroslav19992\.jdks\corretto-1.8.0_265\jre\bin\api-ms-win-crt-convert-l1-1-0.dll
0x0000000002950000 - 0x0000000002953000 	C:\Users\jaroslav19992\.jdks\corretto-1.8.0_265\jre\bin\api-ms-win-crt-environment-l1-1-0.dll
0x0000000002960000 - 0x0000000002963000 	C:\Users\jaroslav19992\.jdks\corretto-1.8.0_265\jre\bin\api-ms-win-crt-filesystem-l1-1-0.dll
0x0000000002970000 - 0x0000000002973000 	C:\Users\jaroslav19992\.jdks\corretto-1.8.0_265\jre\bin\api-ms-win-crt-heap-l1-1-0.dll
0x0000000002980000 - 0x0000000002983000 	C:\Users\jaroslav19992\.jdks\corretto-1.8.0_265\jre\bin\api-ms-win-crt-locale-l1-1-0.dll
0x0000000002990000 - 0x0000000002995000 	C:\Users\jaroslav19992\.jdks\corretto-1.8.0_265\jre\bin\api-ms-win-crt-math-l1-1-0.dll
0x00000000029a0000 - 0x00000000029a5000 	C:\Users\jaroslav19992\.jdks\corretto-1.8.0_265\jre\bin\api-ms-win-crt-multibyte-l1-1-0.dll
0x00000000029b0000 - 0x00000000029c0000 	C:\Users\jaroslav19992\.jdks\corretto-1.8.0_265\jre\bin\api-ms-win-crt-private-l1-1-0.dll
0x00000000029c0000 - 0x00000000029c3000 	C:\Users\jaroslav19992\.jdks\corretto-1.8.0_265\jre\bin\api-ms-win-crt-process-l1-1-0.dll
0x00000000029d0000 - 0x00000000029d4000 	C:\Users\jaroslav19992\.jdks\corretto-1.8.0_265\jre\bin\api-ms-win-crt-runtime-l1-1-0.dll
0x00000000029e0000 - 0x00000000029e4000 	C:\Users\jaroslav19992\.jdks\corretto-1.8.0_265\jre\bin\api-ms-win-crt-stdio-l1-1-0.dll
0x00000000029f0000 - 0x00000000029f4000 	C:\Users\jaroslav19992\.jdks\corretto-1.8.0_265\jre\bin\api-ms-win-crt-string-l1-1-0.dll
0x000000001eb40000 - 0x000000001eb43000 	C:\Users\jaroslav19992\.jdks\corretto-1.8.0_265\jre\bin\api-ms-win-crt-time-l1-1-0.dll
0x000000001eb50000 - 0x000000001eb53000 	C:\Users\jaroslav19992\.jdks\corretto-1.8.0_265\jre\bin\api-ms-win-crt-utility-l1-1-0.dll
0x00007ffc25aa0000 - 0x00007ffc25b9c000 	C:\Users\jaroslav19992\.jdks\corretto-1.8.0_265\jre\bin\ucrtbase.dll
0x00007ffc26050000 - 0x00007ffc26065000 	C:\Users\jaroslav19992\.jdks\corretto-1.8.0_265\jre\bin\vcruntime140.dll
0x00007ffc23500000 - 0x00007ffc2359b000 	C:\Users\jaroslav19992\.jdks\corretto-1.8.0_265\jre\bin\msvcp140.dll
0x00007ffc25a40000 - 0x00007ffc25a91000 	C:\Users\jaroslav19992\.jdks\corretto-1.8.0_265\jre\bin\concrt140.dll
0x00007ffc25e90000 - 0x00007ffc25eb3000 	C:\Users\jaroslav19992\.jdks\corretto-1.8.0_265\jre\bin\prism_d3d.dll
0x00007ffbebc90000 - 0x00007ffbebe5e000 	C:\Windows\system32\d3d9.dll
0x00007ffc32370000 - 0x00007ffc32382000 	C:\Windows\SYSTEM32\kernel.appcore.dll
0x00007ffc32340000 - 0x00007ffc3236f000 	C:\Windows\SYSTEM32\dwmapi.dll
0x00007ffc32080000 - 0x00007ffc3211f000 	C:\Windows\system32\uxtheme.dll
0x00007ffc35d50000 - 0x00007ffc35e7a000 	C:\Windows\System32\ole32.dll
0x00007ffc35420000 - 0x00007ffc354ed000 	C:\Windows\System32\OLEAUT32.dll
0x00007ffc34da0000 - 0x00007ffc34dee000 	C:\Windows\System32\CFGMGR32.dll
0x00007ffc23600000 - 0x00007ffc23645000 	C:\Users\jaroslav19992\.jdks\corretto-1.8.0_265\jre\bin\glass.dll
0x00007ffc36bb0000 - 0x00007ffc36c8a000 	C:\Windows\System32\COMDLG32.dll
0x00007ffc355b0000 - 0x00007ffc356c5000 	C:\Windows\System32\MSCTF.dll
0x00007ffc34500000 - 0x00007ffc3457f000 	C:\Windows\System32\bcryptPrimitives.dll
0x00007ffc10c60000 - 0x00007ffc10c9b000 	C:\Windows\SYSTEM32\dxcore.dll
0x00007ffc25e10000 - 0x00007ffc25e24000 	C:\Users\jaroslav19992\.jdks\corretto-1.8.0_265\jre\bin\javafx_font.dll
0x00007ffc10cb0000 - 0x00007ffc10f2f000 	C:\Windows\SYSTEM32\dwrite.dll
0x00007ffc363c0000 - 0x00007ffc36469000 	C:\Windows\System32\clbcatq.dll
0x00007ffc12510000 - 0x00007ffc126c4000 	C:\Windows\SYSTEM32\WindowsCodecs.dll
0x00007ffc34df0000 - 0x00007ffc34e17000 	C:\Windows\System32\bcrypt.dll
0x00007ffc02630000 - 0x00007ffc0266e000 	C:\Windows\system32\dataexchange.dll
0x00007ffc305f0000 - 0x00007ffc30854000 	C:\Windows\system32\d3d11.dll
0x00007ffc313e0000 - 0x00007ffc315c5000 	C:\Windows\system32\dcomp.dll
0x00007ffc32f70000 - 0x00007ffc33063000 	C:\Windows\system32\dxgi.dll
0x00007ffc2a5c0000 - 0x00007ffc2a7c8000 	C:\Windows\system32\twinapi.appcore.dll
0x00007ffc218f0000 - 0x00007ffc21924000 	C:\Program Files\Common Files\Microsoft Shared\Ink\rtscom.dll
0x00007ffc126d0000 - 0x00007ffc127cc000 	C:\Windows\SYSTEM32\textinputframework.dll
0x00007ffc31950000 - 0x00007ffc31cae000 	C:\Windows\System32\CoreUIComponents.dll
0x00007ffc31cb0000 - 0x00007ffc31da2000 	C:\Windows\System32\CoreMessaging.dll
0x00007ffc33240000 - 0x00007ffc33273000 	C:\Windows\SYSTEM32\ntmarta.dll
0x00007ffc31280000 - 0x00007ffc313d6000 	C:\Windows\SYSTEM32\wintypes.dll
0x00007ffc25df0000 - 0x00007ffc25e02000 	C:\Users\jaroslav19992\.jdks\corretto-1.8.0_265\jre\bin\prism_common.dll
0x00007ffc2a350000 - 0x00007ffc2a36a000 	C:\Users\jaroslav19992\.jdks\corretto-1.8.0_265\jre\bin\net.dll
0x00007ffc339d0000 - 0x00007ffc33a9b000 	C:\Windows\SYSTEM32\DNSAPI.dll
0x00007ffc33970000 - 0x00007ffc339ab000 	C:\Windows\SYSTEM32\IPHLPAPI.DLL
0x00007ffc36130000 - 0x00007ffc36139000 	C:\Windows\System32\NSI.dll
0x00007ffc28b90000 - 0x00007ffc28b9a000 	C:\Windows\System32\rasadhlp.dll
0x00007ffc28e20000 - 0x00007ffc28e9f000 	C:\Windows\System32\fwpuclnt.dll
0x00007ffc25a10000 - 0x00007ffc25a34000 	C:\Users\jaroslav19992\.jdks\corretto-1.8.0_265\jre\bin\sunec.dll
0x00007ffc33ec0000 - 0x00007ffc33ed8000 	C:\Windows\SYSTEM32\CRYPTSP.dll
0x00007ffc335b0000 - 0x00007ffc335e4000 	C:\Windows\system32\rsaenh.dll
0x00007ffc343b0000 - 0x00007ffc343de000 	C:\Windows\SYSTEM32\USERENV.dll
0x00007ffc33ee0000 - 0x00007ffc33eec000 	C:\Windows\SYSTEM32\CRYPTBASE.dll
0x00007ffc2d990000 - 0x00007ffc2d9a7000 	C:\Windows\SYSTEM32\dhcpcsvc6.DLL
0x00007ffc2e1c0000 - 0x00007ffc2e1dd000 	C:\Windows\SYSTEM32\dhcpcsvc.DLL
0x00007ffc29450000 - 0x00007ffc29462000 	C:\Users\jaroslav19992\.jdks\corretto-1.8.0_265\jre\bin\nio.dll
0x00007ffc2be70000 - 0x00007ffc2be7c000 	C:\Users\jaroslav19992\.jdks\corretto-1.8.0_265\jre\bin\sunmscapi.dll
0x00007ffc34b40000 - 0x00007ffc34c9d000 	C:\Windows\System32\CRYPT32.dll

VM Arguments:
jvm_args: -agentlib:jdwp=transport=dt_socket,address=127.0.0.1:55330,suspend=y,server=n -javaagent:C:\Users\jaroslav19992\AppData\Local\JetBrains\IdeaIC2020.2\captureAgent\debugger-agent.jar -Dfile.encoding=UTF-8 
java_command: TestMaker.Main
java_class_path (initial): C:\Users\jaroslav19992\.jdks\corretto-1.8.0_265\jre\lib\charsets.jar;C:\Users\jaroslav19992\.jdks\corretto-1.8.0_265\jre\lib\ext\access-bridge-64.jar;C:\Users\jaroslav19992\.jdks\corretto-1.8.0_265\jre\lib\ext\cldrdata.jar;C:\Users\jaroslav19992\.jdks\corretto-1.8.0_265\jre\lib\ext\dnsns.jar;C:\Users\jaroslav19992\.jdks\corretto-1.8.0_265\jre\lib\ext\jaccess.jar;C:\Users\jaroslav19992\.jdks\corretto-1.8.0_265\jre\lib\ext\jfxrt.jar;C:\Users\jaroslav19992\.jdks\corretto-1.8.0_265\jre\lib\ext\localedata.jar;C:\Users\jaroslav19992\.jdks\corretto-1.8.0_265\jre\lib\ext\nashorn.jar;C:\Users\jaroslav19992\.jdks\corretto-1.8.0_265\jre\lib\ext\sunec.jar;C:\Users\jaroslav19992\.jdks\corretto-1.8.0_265\jre\lib\ext\sunjce_provider.jar;C:\Users\jaroslav19992\.jdks\corretto-1.8.0_265\jre\lib\ext\sunmscapi.jar;C:\Users\jaroslav19992\.jdks\corretto-1.8.0_265\jre\lib\ext\sunpkcs11.jar;C:\Users\jaroslav19992\.jdks\corretto-1.8.0_265\jre\lib\ext\zipfs.jar;C:\Users\jaroslav19992\.jdks\corretto-1.8.0_265\jre\lib\jce.jar;C:\Users\jaroslav19992\.jdks\corretto-1.8.0_265\jre\lib\jfr.jar;C:\Users\jaroslav19992\.jdks\corretto-1.8.0_265\jre\lib\jfxswt.jar;C:\Users\jaroslav19992\.jdks\corretto-1.8.0_265\jre\lib\jsse.jar;C:\Users\jaroslav19992\.jdks\corretto-1.8.0_265\jre\lib\management-agent.jar;C:\Users\jaroslav19992\.jdks\corretto-1.8.0_265\jre\lib\resources.jar;C:\Users\jaroslav19992\.jdks\corretto-1.8.0_265\jre\lib\rt.jar;D:\work\2020-2021\Diplom\TestMaker\out\production\Program;C:\Program Files (x86)\MySQL\Connector J 8.0\mysql-connector-java-8.0.21.jar;C:\Program Files\JetBrains\IntelliJ IDEA Community Edition 2020.2.2\lib\idea_rt.jar;C:\Users\jaroslav19992\AppData\Local\JetBrains\IdeaIC2020.2\captureAgent\debugger-agent.jar
Launcher Type: SUN_STANDARD

Environment Variables:
PATH=C:\Windows\system32;C:\Windows;C:\Windows\System32\Wbem;C:\Windows\System32\WindowsPowerShell\v1.0\;C:\Windows\System32\OpenSSH\;C:\Program Files\Git\cmd;C:\Program Files\dotnet\;C:\Program Files\Microsoft SQL Server\130\Tools\Binn\;C:\Program Files\Microsoft SQL Server\Client SDK\ODBC\170\Tools\Binn\;C:\Program Files\MySQL\MySQL Shell 8.0\bin\;C:\Users\jaroslav19992\AppData\Local\Microsoft\WindowsApps;C:\Program Files\MySQL\MySQL Server 8.0\bin\;C:\Users\jaroslav19992\.dotnet\tools
USERNAME=jaroslav19992
OS=Windows_NT
PROCESSOR_IDENTIFIER=Intel64 Family 6 Model 142 Stepping 9, GenuineIntel



---------------  S Y S T E M  ---------------

OS: Windows 10.0 , 64 bit Build 19041 (10.0.19041.546)

CPU:total 4 (initial active 4) (2 cores per cpu, 2 threads per core) family 6 model 142 stepping 9, cmov, cx8, fxsr, mmx, sse, sse2, sse3, ssse3, sse4.1, sse4.2, popcnt, avx, avx2, aes, clmul, erms, 3dnowpref, lzcnt, ht, tsc, tscinvbit, bmi1, bmi2, adx

Memory: 4k page, physical 16648932k(8892352k free), swap 19139300k(7881792k free)

vm_info: OpenJDK 64-Bit Server VM (25.265-b01) for windows-amd64 JRE (1.8.0_265-b01), built on Jul 28 2020 21:14:30 by "Administrator" with MS VC++ 10.0 (VS2010)

time: Wed Oct 21 08:58:45 2020
timezone: Финляндия (лето)
elapsed time: 168 seconds (0d 0h 2m 48s)

