2020-09-02T10:50:17.748215Z 0 [System] [MY-010116] [Server] C:\Program Files\MySQL\MySQL Server 8.0\bin\mysqld.exe (mysqld 8.0.21) starting as process 1768
2020-09-02T10:50:17.883600Z 1 [System] [MY-013576] [InnoDB] InnoDB initialization has started.
2020-09-02T10:50:22.395886Z 1 [System] [MY-013577] [InnoDB] InnoDB initialization has ended.
2020-09-02T10:50:23.867139Z 0 [System] [MY-011323] [Server] X Plugin ready for connections. Bind-address: '::' port: 33060
2020-09-02T10:50:24.324730Z 0 [System] [MY-010229] [Server] Starting XA crash recovery...
2020-09-02T10:50:24.333450Z 0 [System] [MY-010232] [Server] XA crash recovery finished.
2020-09-02T10:50:24.954638Z 0 [Warning] [MY-010068] [Server] CA certificate ca.pem is self signed.
2020-09-02T10:50:24.956604Z 0 [System] [MY-013602] [Server] Channel mysql_main configured to support TLS. Encrypted connections are now supported for this channel.
2020-09-02T10:50:25.027049Z 0 [System] [MY-010931] [Server] C:\Program Files\MySQL\MySQL Server 8.0\bin\mysqld.exe: ready for connections. Version: '8.0.21'  socket: ''  port: 3306  MySQL Community Server - GPL.
2020-09-03T16:53:30.684177Z 0 [System] [MY-010116] [Server] C:\Program Files\MySQL\MySQL Server 8.0\bin\mysqld.exe (mysqld 8.0.21) starting as process 14940
2020-09-03T16:53:30.842466Z 1 [System] [MY-013576] [InnoDB] InnoDB initialization has started.
2020-09-03T16:53:35.012313Z 1 [System] [MY-013577] [InnoDB] InnoDB initialization has ended.
2020-09-03T16:53:35.769884Z 0 [System] [MY-011323] [Server] X Plugin ready for connections. Bind-address: '::' port: 33060
2020-09-03T16:53:36.047140Z 0 [System] [MY-010229] [Server] Starting XA crash recovery...
2020-09-03T16:53:36.055657Z 0 [System] [MY-010232] [Server] XA crash recovery finished.
2020-09-03T16:53:37.078986Z 0 [Warning] [MY-010068] [Server] CA certificate ca.pem is self signed.
2020-09-03T16:53:37.079665Z 0 [System] [MY-013602] [Server] Channel mysql_main configured to support TLS. Encrypted connections are now supported for this channel.
2020-09-03T16:53:37.218708Z 0 [System] [MY-010931] [Server] C:\Program Files\MySQL\MySQL Server 8.0\bin\mysqld.exe: ready for connections. Version: '8.0.21'  socket: ''  port: 3306  MySQL Community Server - GPL.
2020-09-03T16:53:53.005407Z 8 [Warning] [MY-013360] [Server] Plugin sha256_password reported: ''sha256_password' is deprecated and will be removed in a future release. Please use caching_sha2_password instead'
2020-09-03T16:54:04.366922Z 9 [Warning] [MY-013360] [Server] Plugin sha256_password reported: ''sha256_password' is deprecated and will be removed in a future release. Please use caching_sha2_password instead'
